{"D:\\venture dive test\\chatbot-vd\\lib\\chunker.js": {"path":"D:\\venture dive test\\chatbot-vd\\lib\\chunker.js","statementMap":{"0":{"start":{"line":1,"column":18},"end":{"line":1,"column":22}},"1":{"start":{"line":4,"column":17},"end":{"line":4,"column":19}},"2":{"start":{"line":5,"column":12},"end":{"line":5,"column":13}},"3":{"start":{"line":7,"column":2},"end":{"line":13,"column":3}},"4":{"start":{"line":8,"column":4},"end":{"line":12,"column":7}},"5":{"start":{"line":15,"column":2},"end":{"line":37,"column":3}},"6":{"start":{"line":16,"column":17},"end":{"line":16,"column":19}},"7":{"start":{"line":18,"column":4},"end":{"line":28,"column":5}},"8":{"start":{"line":19,"column":6},"end":{"line":26,"column":7}},"9":{"start":{"line":20,"column":8},"end":{"line":24,"column":11}},"10":{"start":{"line":25,"column":8},"end":{"line":25,"column":20}},"11":{"start":{"line":27,"column":6},"end":{"line":27,"column":30}},"12":{"start":{"line":30,"column":4},"end":{"line":36,"column":5}},"13":{"start":{"line":31,"column":6},"end":{"line":35,"column":9}},"14":{"start":{"line":39,"column":2},"end":{"line":39,"column":16}}},"fnMap":{"0":{"name":"chunkArticle","decl":{"start":{"line":3,"column":16},"end":{"line":3,"column":28}},"loc":{"start":{"line":3,"column":38},"end":{"line":40,"column":1}},"line":3}},"branchMap":{"0":{"loc":{"start":{"line":7,"column":2},"end":{"line":13,"column":3}},"type":"if","locations":[{"start":{"line":7,"column":2},"end":{"line":13,"column":3}},{"start":{},"end":{}}],"line":7},"1":{"loc":{"start":{"line":19,"column":6},"end":{"line":26,"column":7}},"type":"if","locations":[{"start":{"line":19,"column":6},"end":{"line":26,"column":7}},{"start":{},"end":{}}],"line":19},"2":{"loc":{"start":{"line":19,"column":10},"end":{"line":19,"column":70}},"type":"binary-expr","locations":[{"start":{"line":19,"column":10},"end":{"line":19,"column":49}},{"start":{"line":19,"column":53},"end":{"line":19,"column":70}}],"line":19},"3":{"loc":{"start":{"line":30,"column":4},"end":{"line":36,"column":5}},"type":"if","locations":[{"start":{"line":30,"column":4},"end":{"line":36,"column":5}},{"start":{},"end":{}}],"line":30}},"s":{"0":1,"1":5,"2":5,"3":5,"4":5,"5":5,"6":10,"7":10,"8":15,"9":0,"10":0,"11":15,"12":10,"13":10,"14":5},"f":{"0":5},"b":{"0":[5,0],"1":[0,15],"2":[15,5],"3":[10,0]},"_coverageSchema":"1a1c01bbd47fc00a2c39e90264f33305004495a9","hash":"c56631515d90d144808dc36241556351d4503bcc"}
,"D:\\venture dive test\\chatbot-vd\\lib\\embedder.js": {"path":"D:\\venture dive test\\chatbot-vd\\lib\\embedder.js","statementMap":{"0":{"start":{"line":1,"column":24},"end":{"line":1,"column":79}},"1":{"start":{"line":2,"column":20},"end":{"line":2,"column":72}},"2":{"start":{"line":5,"column":14},"end":{"line":9,"column":4}},"3":{"start":{"line":10,"column":2},"end":{"line":10,"column":66}},"4":{"start":{"line":10,"column":15},"end":{"line":10,"column":66}},"5":{"start":{"line":11,"column":15},"end":{"line":11,"column":31}},"6":{"start":{"line":12,"column":2},"end":{"line":12,"column":24}},"7":{"start":{"line":16,"column":2},"end":{"line":16,"column":39}}},"fnMap":{"0":{"name":"embed","decl":{"start":{"line":4,"column":22},"end":{"line":4,"column":27}},"loc":{"start":{"line":4,"column":34},"end":{"line":13,"column":1}},"line":4},"1":{"name":"embedBatch","decl":{"start":{"line":15,"column":22},"end":{"line":15,"column":32}},"loc":{"start":{"line":15,"column":40},"end":{"line":17,"column":1}},"line":15}},"branchMap":{"0":{"loc":{"start":{"line":1,"column":24},"end":{"line":1,"column":79}},"type":"binary-expr","locations":[{"start":{"line":1,"column":24},"end":{"line":1,"column":51}},{"start":{"line":1,"column":55},"end":{"line":1,"column":79}}],"line":1},"1":{"loc":{"start":{"line":2,"column":20},"end":{"line":2,"column":72}},"type":"binary-expr","locations":[{"start":{"line":2,"column":20},"end":{"line":2,"column":50}},{"start":{"line":2,"column":54},"end":{"line":2,"column":72}}],"line":2},"2":{"loc":{"start":{"line":10,"column":2},"end":{"line":10,"column":66}},"type":"if","locations":[{"start":{"line":10,"column":2},"end":{"line":10,"column":66}},{"start":{},"end":{}}],"line":10}},"s":{"0":1,"1":1,"2":4,"3":4,"4":1,"5":3,"6":3,"7":1},"f":{"0":4,"1":1},"b":{"0":[1,1],"1":[1,1],"2":[1,3]},"_coverageSchema":"1a1c01bbd47fc00a2c39e90264f33305004495a9","hash":"8f61b67485e8f932a559bab741ce06e9777c7ad8"}
,"D:\\venture dive test\\chatbot-vd\\lib\\llm.js": {"path":"D:\\venture dive test\\chatbot-vd\\lib\\llm.js","statementMap":{"0":{"start":{"line":1,"column":24},"end":{"line":1,"column":79}},"1":{"start":{"line":2,"column":18},"end":{"line":2,"column":59}},"2":{"start":{"line":5,"column":14},"end":{"line":9,"column":4}},"3":{"start":{"line":10,"column":2},"end":{"line":10,"column":72}},"4":{"start":{"line":10,"column":15},"end":{"line":10,"column":72}},"5":{"start":{"line":11,"column":2},"end":{"line":11,"column":18}},"6":{"start":{"line":15,"column":17},"end":{"line":15,"column":135}},"7":{"start":{"line":16,"column":2},"end":{"line":16,"column":30}},"8":{"start":{"line":20,"column":18},"end":{"line":20,"column":70}},"9":{"start":{"line":20,"column":43},"end":{"line":20,"column":49}},"10":{"start":{"line":21,"column":17},"end":{"line":21,"column":242}},"11":{"start":{"line":22,"column":2},"end":{"line":22,"column":30}}},"fnMap":{"0":{"name":"ollamaStream","decl":{"start":{"line":4,"column":15},"end":{"line":4,"column":27}},"loc":{"start":{"line":4,"column":36},"end":{"line":12,"column":1}},"line":4},"1":{"name":"streamSummary","decl":{"start":{"line":14,"column":22},"end":{"line":14,"column":35}},"loc":{"start":{"line":14,"column":49},"end":{"line":17,"column":1}},"line":14},"2":{"name":"streamChat","decl":{"start":{"line":19,"column":22},"end":{"line":19,"column":32}},"loc":{"start":{"line":19,"column":58},"end":{"line":23,"column":1}},"line":19},"3":{"name":"(anonymous_3)","decl":{"start":{"line":20,"column":36},"end":{"line":20,"column":37}},"loc":{"start":{"line":20,"column":43},"end":{"line":20,"column":49}},"line":20}},"branchMap":{"0":{"loc":{"start":{"line":1,"column":24},"end":{"line":1,"column":79}},"type":"binary-expr","locations":[{"start":{"line":1,"column":24},"end":{"line":1,"column":51}},{"start":{"line":1,"column":55},"end":{"line":1,"column":79}}],"line":1},"1":{"loc":{"start":{"line":2,"column":18},"end":{"line":2,"column":59}},"type":"binary-expr","locations":[{"start":{"line":2,"column":18},"end":{"line":2,"column":42}},{"start":{"line":2,"column":46},"end":{"line":2,"column":59}}],"line":2},"2":{"loc":{"start":{"line":10,"column":2},"end":{"line":10,"column":72}},"type":"if","locations":[{"start":{"line":10,"column":2},"end":{"line":10,"column":72}},{"start":{},"end":{}}],"line":10}},"s":{"0":1,"1":1,"2":3,"3":3,"4":1,"5":2,"6":2,"7":2,"8":1,"9":1,"10":1,"11":1},"f":{"0":3,"1":2,"2":1,"3":1},"b":{"0":[1,1],"1":[1,1],"2":[1,2]},"_coverageSchema":"1a1c01bbd47fc00a2c39e90264f33305004495a9","hash":"9cf7dabeff50efa3181ffdf56fd7132aa5c2d761"}
,"D:\\venture dive test\\chatbot-vd\\lib\\scraper.js": {"path":"D:\\venture dive test\\chatbot-vd\\lib\\scraper.js","statementMap":{"0":{"start":{"line":1,"column":22},"end":{"line":4,"column":2}},"1":{"start":{"line":7,"column":16},"end":{"line":7,"column":57}},"2":{"start":{"line":8,"column":2},"end":{"line":8,"column":59}},"3":{"start":{"line":8,"column":14},"end":{"line":8,"column":59}},"4":{"start":{"line":9,"column":2},"end":{"line":9,"column":57}},"5":{"start":{"line":13,"column":16},"end":{"line":13,"column":33}},"6":{"start":{"line":14,"column":15},"end":{"line":14,"column":59}},"7":{"start":{"line":16,"column":35},"end":{"line":24,"column":4}},"8":{"start":{"line":26,"column":2},"end":{"line":26,"column":71}},"9":{"start":{"line":26,"column":22},"end":{"line":26,"column":71}},"10":{"start":{"line":28,"column":18},"end":{"line":28,"column":41}},"11":{"start":{"line":29,"column":15},"end":{"line":29,"column":36}},"12":{"start":{"line":31,"column":19},"end":{"line":31,"column":21}},"13":{"start":{"line":33,"column":2},"end":{"line":53,"column":3}},"14":{"start":{"line":34,"column":24},"end":{"line":34,"column":47}},"15":{"start":{"line":35,"column":18},"end":{"line":35,"column":48}},"16":{"start":{"line":36,"column":21},"end":{"line":36,"column":59}},"17":{"start":{"line":39,"column":18},"end":{"line":39,"column":61}},"18":{"start":{"line":41,"column":4},"end":{"line":52,"column":5}},"19":{"start":{"line":41,"column":17},"end":{"line":41,"column":18}},"20":{"start":{"line":42,"column":21},"end":{"line":42,"column":59}},"21":{"start":{"line":43,"column":6},"end":{"line":43,"column":60}},"22":{"start":{"line":43,"column":51},"end":{"line":43,"column":60}},"23":{"start":{"line":45,"column":19},"end":{"line":45,"column":37}},"24":{"start":{"line":46,"column":25},"end":{"line":49,"column":37}},"25":{"start":{"line":48,"column":20},"end":{"line":48,"column":28}},"26":{"start":{"line":49,"column":23},"end":{"line":49,"column":36}},"27":{"start":{"line":51,"column":6},"end":{"line":51,"column":74}},"28":{"start":{"line":51,"column":29},"end":{"line":51,"column":74}},"29":{"start":{"line":55,"column":2},"end":{"line":55,"column":40}}},"fnMap":{"0":{"name":"extractTitle","decl":{"start":{"line":6,"column":16},"end":{"line":6,"column":28}},"loc":{"start":{"line":6,"column":34},"end":{"line":10,"column":1}},"line":6},"1":{"name":"scrapeWikipedia","decl":{"start":{"line":12,"column":22},"end":{"line":12,"column":37}},"loc":{"start":{"line":12,"column":43},"end":{"line":56,"column":1}},"line":12},"2":{"name":"(anonymous_2)","decl":{"start":{"line":48,"column":13},"end":{"line":48,"column":14}},"loc":{"start":{"line":48,"column":20},"end":{"line":48,"column":28}},"line":48},"3":{"name":"(anonymous_3)","decl":{"start":{"line":49,"column":16},"end":{"line":49,"column":17}},"loc":{"start":{"line":49,"column":23},"end":{"line":49,"column":36}},"line":49}},"branchMap":{"0":{"loc":{"start":{"line":8,"column":2},"end":{"line":8,"column":59}},"type":"if","locations":[{"start":{"line":8,"column":2},"end":{"line":8,"column":59}},{"start":{},"end":{}}],"line":8},"1":{"loc":{"start":{"line":26,"column":2},"end":{"line":26,"column":71}},"type":"if","locations":[{"start":{"line":26,"column":2},"end":{"line":26,"column":71}},{"start":{},"end":{}}],"line":26},"2":{"loc":{"start":{"line":29,"column":15},"end":{"line":29,"column":36}},"type":"binary-expr","locations":[{"start":{"line":29,"column":15},"end":{"line":29,"column":30}},{"start":{"line":29,"column":34},"end":{"line":29,"column":36}}],"line":29},"3":{"loc":{"start":{"line":33,"column":2},"end":{"line":53,"column":3}},"type":"if","locations":[{"start":{"line":33,"column":2},"end":{"line":53,"column":3}},{"start":{},"end":{}}],"line":33},"4":{"loc":{"start":{"line":35,"column":18},"end":{"line":35,"column":48}},"type":"binary-expr","locations":[{"start":{"line":35,"column":18},"end":{"line":35,"column":42}},{"start":{"line":35,"column":46},"end":{"line":35,"column":48}}],"line":35},"5":{"loc":{"start":{"line":36,"column":21},"end":{"line":36,"column":59}},"type":"binary-expr","locations":[{"start":{"line":36,"column":21},"end":{"line":36,"column":53}},{"start":{"line":36,"column":57},"end":{"line":36,"column":59}}],"line":36},"6":{"loc":{"start":{"line":43,"column":6},"end":{"line":43,"column":60}},"type":"if","locations":[{"start":{"line":43,"column":6},"end":{"line":43,"column":60}},{"start":{},"end":{}}],"line":43},"7":{"loc":{"start":{"line":45,"column":19},"end":{"line":45,"column":37}},"type":"binary-expr","locations":[{"start":{"line":45,"column":19},"end":{"line":45,"column":31}},{"start":{"line":45,"column":35},"end":{"line":45,"column":37}}],"line":45},"8":{"loc":{"start":{"line":51,"column":6},"end":{"line":51,"column":74}},"type":"if","locations":[{"start":{"line":51,"column":6},"end":{"line":51,"column":74}},{"start":{},"end":{}}],"line":51}},"s":{"0":1,"1":5,"2":5,"3":1,"4":4,"5":2,"6":2,"7":2,"8":2,"9":1,"10":1,"11":1,"12":1,"13":1,"14":1,"15":1,"16":1,"17":1,"18":1,"19":1,"20":2,"21":2,"22":1,"23":1,"24":1,"25":2,"26":2,"27":1,"28":1,"29":1},"f":{"0":5,"1":2,"2":2,"3":2},"b":{"0":[1,4],"1":[1,1],"2":[1,0],"3":[1,0],"4":[1,0],"5":[1,0],"6":[1,1],"7":[1,0],"8":[1,0]},"_coverageSchema":"1a1c01bbd47fc00a2c39e90264f33305004495a9","hash":"5e046535ab28076c0fc0f3b87f0cfc1471091147"}
,"D:\\venture dive test\\chatbot-vd\\lib\\vectorstore.js": {"path":"D:\\venture dive test\\chatbot-vd\\lib\\vectorstore.js","statementMap":{"0":{"start":{"line":3,"column":19},"end":{"line":3,"column":28}},"1":{"start":{"line":4,"column":20},"end":{"line":4,"column":23}},"2":{"start":{"line":6,"column":15},"end":{"line":8,"column":2}},"3":{"start":{"line":11,"column":26},"end":{"line":11,"column":55}},"4":{"start":{"line":12,"column":2},"end":{"line":14,"column":3}},"5":{"start":{"line":12,"column":30},"end":{"line":12,"column":51}},"6":{"start":{"line":13,"column":4},"end":{"line":13,"column":46}},"7":{"start":{"line":15,"column":2},"end":{"line":17,"column":5}},"8":{"start":{"line":21,"column":17},"end":{"line":25,"column":5}},"9":{"start":{"line":21,"column":43},"end":{"line":25,"column":3}},"10":{"start":{"line":26,"column":2},"end":{"line":26,"column":46}},"11":{"start":{"line":30,"column":18},"end":{"line":34,"column":4}},"12":{"start":{"line":35,"column":2},"end":{"line":38,"column":6}},"13":{"start":{"line":35,"column":29},"end":{"line":38,"column":3}}},"fnMap":{"0":{"name":"resetCollection","decl":{"start":{"line":10,"column":22},"end":{"line":10,"column":37}},"loc":{"start":{"line":10,"column":40},"end":{"line":18,"column":1}},"line":10},"1":{"name":"(anonymous_1)","decl":{"start":{"line":12,"column":23},"end":{"line":12,"column":24}},"loc":{"start":{"line":12,"column":30},"end":{"line":12,"column":51}},"line":12},"2":{"name":"upsertChunks","decl":{"start":{"line":20,"column":22},"end":{"line":20,"column":34}},"loc":{"start":{"line":20,"column":52},"end":{"line":27,"column":1}},"line":20},"3":{"name":"(anonymous_3)","decl":{"start":{"line":21,"column":28},"end":{"line":21,"column":29}},"loc":{"start":{"line":21,"column":43},"end":{"line":25,"column":3}},"line":21},"4":{"name":"searchSimilar","decl":{"start":{"line":29,"column":22},"end":{"line":29,"column":35}},"loc":{"start":{"line":29,"column":54},"end":{"line":39,"column":1}},"line":29},"5":{"name":"(anonymous_5)","decl":{"start":{"line":35,"column":21},"end":{"line":35,"column":22}},"loc":{"start":{"line":35,"column":29},"end":{"line":38,"column":3}},"line":35}},"branchMap":{"0":{"loc":{"start":{"line":7,"column":7},"end":{"line":7,"column":56}},"type":"binary-expr","locations":[{"start":{"line":7,"column":7},"end":{"line":7,"column":29}},{"start":{"line":7,"column":33},"end":{"line":7,"column":56}}],"line":7},"1":{"loc":{"start":{"line":12,"column":2},"end":{"line":14,"column":3}},"type":"if","locations":[{"start":{"line":12,"column":2},"end":{"line":14,"column":3}},{"start":{},"end":{}}],"line":12},"2":{"loc":{"start":{"line":29,"column":44},"end":{"line":29,"column":52}},"type":"default-arg","locations":[{"start":{"line":29,"column":51},"end":{"line":29,"column":52}}],"line":29}},"s":{"0":1,"1":1,"2":1,"3":1,"4":1,"5":0,"6":0,"7":1,"8":1,"9":1,"10":1,"11":1,"12":1,"13":1},"f":{"0":1,"1":0,"2":1,"3":1,"4":1,"5":1},"b":{"0":[1,1],"1":[0,1],"2":[0]},"_coverageSchema":"1a1c01bbd47fc00a2c39e90264f33305004495a9","hash":"0407dba6bf6b54b256b4cc12fcfbb51d94f056db"}
}
