TN:
SF:lib\chunker.js
FN:3,chunkArticle
FNF:1
FNH:1
FNDA:5,chunkArticle
DA:1,1
DA:4,5
DA:5,5
DA:7,5
DA:8,5
DA:15,5
DA:16,10
DA:18,10
DA:19,15
DA:20,0
DA:25,0
DA:27,15
DA:30,10
DA:31,10
DA:39,5
LF:15
LH:13
BRDA:7,0,0,5
BRDA:7,0,1,0
BRDA:19,1,0,0
BRDA:19,1,1,15
BRDA:19,2,0,15
BRDA:19,2,1,5
BRDA:30,3,0,10
BRDA:30,3,1,0
BRF:8
BRH:5
end_of_record
TN:
SF:lib\embedder.js
FN:4,embed
FN:15,embedBatch
FNF:2
FNH:2
FNDA:4,embed
FNDA:1,embedBatch
DA:1,1
DA:2,1
DA:5,4
DA:10,4
DA:11,3
DA:12,3
DA:16,1
LF:7
LH:7
BRDA:1,0,0,1
BRDA:1,0,1,1
BRDA:2,1,0,1
BRDA:2,1,1,1
BRDA:10,2,0,1
BRDA:10,2,1,3
BRF:6
BRH:6
end_of_record
TN:
SF:lib\llm.js
FN:4,ollamaStream
FN:14,streamSummary
FN:19,streamChat
FN:20,(anonymous_3)
FNF:4
FNH:4
FNDA:3,ollamaStream
FNDA:2,streamSummary
FNDA:1,streamChat
FNDA:1,(anonymous_3)
DA:1,1
DA:2,1
DA:5,3
DA:10,3
DA:11,2
DA:15,2
DA:16,2
DA:20,1
DA:21,1
DA:22,1
LF:10
LH:10
BRDA:1,0,0,1
BRDA:1,0,1,1
BRDA:2,1,0,1
BRDA:2,1,1,1
BRDA:10,2,0,1
BRDA:10,2,1,2
BRF:6
BRH:6
end_of_record
TN:
SF:lib\scraper.js
FN:6,extractTitle
FN:12,scrapeWikipedia
FN:48,(anonymous_2)
FN:49,(anonymous_3)
FNF:4
FNH:4
FNDA:5,extractTitle
FNDA:2,scrapeWikipedia
FNDA:2,(anonymous_2)
FNDA:2,(anonymous_3)
DA:1,1
DA:7,5
DA:8,5
DA:9,4
DA:13,2
DA:14,2
DA:16,2
DA:26,2
DA:28,1
DA:29,1
DA:31,1
DA:33,1
DA:34,1
DA:35,1
DA:36,1
DA:39,1
DA:41,1
DA:42,2
DA:43,2
DA:45,1
DA:46,1
DA:48,2
DA:49,2
DA:51,1
DA:55,1
LF:25
LH:25
BRDA:8,0,0,1
BRDA:8,0,1,4
BRDA:26,1,0,1
BRDA:26,1,1,1
BRDA:29,2,0,1
BRDA:29,2,1,0
BRDA:33,3,0,1
BRDA:33,3,1,0
BRDA:35,4,0,1
BRDA:35,4,1,0
BRDA:36,5,0,1
BRDA:36,5,1,0
BRDA:43,6,0,1
BRDA:43,6,1,1
BRDA:45,7,0,1
BRDA:45,7,1,0
BRDA:51,8,0,1
BRDA:51,8,1,0
BRF:18
BRH:12
end_of_record
TN:
SF:lib\vectorstore.js
FN:10,resetCollection
FN:12,(anonymous_1)
FN:20,upsertChunks
FN:21,(anonymous_3)
FN:29,searchSimilar
FN:35,(anonymous_5)
FNF:6
FNH:5
FNDA:1,resetCollection
FNDA:0,(anonymous_1)
FNDA:1,upsertChunks
FNDA:1,(anonymous_3)
FNDA:1,searchSimilar
FNDA:1,(anonymous_5)
DA:3,1
DA:4,1
DA:6,1
DA:11,1
DA:12,1
DA:13,0
DA:15,1
DA:21,1
DA:26,1
DA:30,1
DA:35,1
LF:11
LH:10
BRDA:7,0,0,1
BRDA:7,0,1,1
BRDA:12,1,0,0
BRDA:12,1,1,1
BRDA:29,2,0,0
BRF:5
BRH:3
end_of_record
